[返回](/postgre-sql/knowledge/index)

# PostgreSQL 全文搜索：GIST 与 GIN 索引的差别

在 PostgreSQL 中，GIST 和 GIN 是两种常用的索引类型，特别适用于全文搜索场景。它们在实现方式、性能和适用场景上有显著差异。

## 主要区别
```
| 特性                | GIN 索引                     | GIST 索引                    |
|---------------------|-----------------------------|-----------------------------|
| 索引构建速度        | 较慢                        | 较快                        |
| 查询速度            | 更快                        | 较慢                        |
| 更新开销            | 高                          | 低                          |
| 索引大小            | 较大                        | 较小                        |
| 精确度              | 高                          | 可能较低(取决于配置)        |
| 适用场景            | 静态数据或频繁查询          | 频繁更新的数据              |
```
## 示例对比

### 1. 创建测试表和索引

```sql
-- 创建测试表
CREATE TABLE documents (
    id SERIAL PRIMARY KEY,
    content TEXT
);

-- 插入测试数据
INSERT INTO documents (content) VALUES 
('PostgreSQL is a powerful open source database'),
('GIN and GIST are index types in PostgreSQL'),
('Full text search is a great feature'),
('Comparing GIN vs GIST for text search');

-- 创建GIN索引
CREATE INDEX idx_gin ON documents USING gin(to_tsvector('english', content));

-- 创建GIST索引
CREATE INDEX idx_gist ON documents USING gist(to_tsvector('english', content));
```

### 2. 查询性能比较

```sql
-- 使用GIN索引查询
EXPLAIN ANALYZE SELECT * FROM documents 
WHERE to_tsvector('english', content) @@ to_tsquery('english', 'search');

-- 使用GIST索引查询
EXPLAIN ANALYZE SELECT * FROM documents 
WHERE to_tsvector('english', content) @@ to_tsquery('english', 'search');
```

可能的输出结果：

```
-- GIN索引查询计划
Index Scan using idx_gin on documents  (cost=0.00..8.27 rows=1 width=36) (actual time=0.025..0.026 rows=1 loops=1)
  Index Cond: (to_tsvector('english'::regconfig, content) @@ '''search'''::tsquery)
Planning Time: 0.098 ms
Execution Time: 0.043 ms

-- GIST索引查询计划
Index Scan using idx_gist on documents  (cost=0.00..8.27 rows=1 width=36) (actual time=0.038..0.039 rows=1 loops=1)
  Index Cond: (to_tsvector('english'::regconfig, content) @@ '''search'''::tsquery)
Planning Time: 0.100 ms
Execution Time: 0.058 ms
```

### 3. 实际查询结果

```sql
-- 查找包含"search"的文档
SELECT id, content FROM documents 
WHERE to_tsvector('english', content) @@ to_tsquery('english', 'search');
```

可能的返回结果：

```
 id |                     content                     
----|------------------------------------------------
  3 | Full text search is a great feature
  4 | Comparing GIN vs GIST for text search
```

## 使用建议

1. **选择GIN索引**当：
   - 数据相对静态，不频繁更新
   - 查询性能是首要考虑因素
   - 需要更高的搜索精确度

2. **选择GIST索引**当：
   - 数据频繁更新
   - 索引大小是关键考虑因素
   - 可以接受稍微慢一点的查询速度

3. 对于大型文本数据集，GIN 索引通常是更好的选择，因为它的查询性能优势会随着数据量增加而更加明显。